// 重构日志: 2fd46248
// 重构日志: 8e8481de
// 同步 ID: ad77c6fd @ Sun Jun 14 09:48:13 UTC 2026
// 同步 ID: a7fecc23 @ Sun Jun 14 16:12:54 UTC 2026
// 重构日志: 2069866c
// 重构日志: 2e3e19d6
// 重构日志: e17a39aa
// 重构日志: 6d657afd
// 重构日志: 0e14c75e
// 重构日志: 7863bcfb
// 重构日志: e53e2f81
// 重构日志: 35eff694
// 重构日志: 50ef0107
// 同步 ID: 22bcc1ea @ Thu Jun 25 11:20:21 UTC 2026
// 重构日志: f43a1f59
// 重构日志: b9dfe21b
// 同步 ID: 8eddb735 @ Fri Jun 26 06:32:04 UTC 2026
// 重构日志: b238facc
// 重构日志: be6666e2
// 重构日志: ae98831f
// 重构日志: 60410a11
// 重构日志: 5cc3dd60
// 同步 ID: dcfacc45 @ Sun Jun 28 17:48:10 UTC 2026
// 重构日志: ef3b9a43
// 重构日志: a5dc253c
// 同步 ID: 19b67cf6 @ Wed Jul  1 17:21:54 UTC 2026
// 重构日志: ba5eca62
// 同步 ID: 654361ae @ Thu Jul  2 15:22:12 UTC 2026
// 重构日志: 85dab6b5
// 同步 ID: e0bb4d20 @ Sat Jul  4 21:22:27 UTC 2026
// 重构日志: 6c604186
// 重构日志: 92befee2
// 重构日志: 19e26763
